app/build/outputs/mapping/debug/mapping.txt
# compiler: R8
# compiler_version: 2.1.75
# min_api: 21
# pg_map_id: b30b0ca
# common_typos_disable
com.mobai.uniapp.BuildConfig -> com.mobai.uniapp.BuildConfig:
    7:7:void <clinit>() -> <clinit>
    6:6:void <init>() -> <init>
...
io.dcloud.feature.gallery.imageedit.IMGEditActivity -> io.dcloud.feature.gallery.imageedit.IMGEditActivity:
    1:16:void <init>() -> <init>
    2:2:void a(io.dcloud.feature.gallery.imageedit.c.d) -> a
    3:11:void a(io.dcloud.feature.gallery.imageedit.c.b) -> a
    12:15:android.graphics.Bitmap a(android.graphics.Bitmap) -> a
    16:16:void a(int) -> a
    17:18:java.lang.String a(java.lang.String) -> a
    2:79:android.graphics.Bitmap c() -> c
    1:1:void e() -> e
    1:11:void f() -> f
    1:25:void g() -> g
    1:125:void h() -> h
    1:5:void i() -> i
    1:1:void j() -> j
    1:1:void k() -> k
    1:5:void m() -> m
    1:1:void onClick(android.view.View) -> onClick
io.dcloud.feature.gallery.imageedit.a -> io.dcloud.feature.gallery.imageedit.a:
    1:1:void <init>() -> <init>
    1:2:void a() -> a
    1:1:void b(int) -> b
    2:3:void b() -> b
    1:4:void c(int) -> c
    1:14:void d() -> d
    1:6:void l() -> l
    1:17:void n() -> n
    1:4:void onBackPressed() -> onBackPressed
    1:1:void onCheckedChanged(android.widget.RadioGroup,int) -> onCheckedChanged
    1:23:void onClick(android.view.View) -> onClick
    1:22:void onCreate(android.os.Bundle) -> onCreate
    1:1:void onDismiss(android.content.DialogInterface) -> onDismiss
    1:1:void onShow(android.content.DialogInterface) -> onShow
io.dcloud.feature.gallery.imageedit.a$a -> io.dcloud.feature.gallery.imageedit.a$a:
    1:1:void <clinit>() -> <clinit>
io.dcloud.feature.gallery.imageedit.b -> io.dcloud.feature.gallery.imageedit.b:
    1:12:void <init>(android.content.Context,io.dcloud.feature.gallery.imageedit.b$a) -> <init>
    1:1:void a(io.dcloud.feature.gallery.imageedit.c.d) -> a
    2:17:void a() -> a
    1:5:void b() -> b
    1:11:void onCheckedChanged(android.widget.RadioGroup,int) -> onCheckedChanged
    1:21:void onClick(android.view.View) -> onClick
    1:11:void onCreate(android.os.Bundle) -> onCreate
    1:30:void onStart() -> onStart
io.dcloud.feature.gallery.imageedit.c.a -> io.dcloud.feature.gallery.imageedit.c.a:
    1:1:void <clinit>() -> <clinit>
    1:466:void <init>() -> <init>
    1:15:void a(android.graphics.Bitmap) -> a
    16:48:void a(io.dcloud.feature.gallery.imageedit.c.b) -> a
    49:57:io.dcloud.feature.gallery.imageedit.c.i.a a(float,float) -> a
    58:58:void a(io.dcloud.feature.gallery.imageedit.c.j.a) -> a
    59:76:void a(io.dcloud.feature.gallery.imageedit.c.c,float,float) -> a
    77:80:void a(io.dcloud.feature.gallery.imageedit.c.a$c) -> a
    81:84:void a() -> a
    85:86:void a(android.graphics.Canvas,int) -> a
    87:95:void a(android.graphics.Canvas) -> a
    96:97:void a(android.graphics.Canvas,float,float) -> a
    98:109:io.dcloud.feature.gallery.imageedit.c.i.a a(float,float,float,float) -> a
    110:114:void a(int) -> a
    115:136:void a(float,float,float) -> a
    137:137:void a(float) -> a
    138:150:boolean a(float,float,boolean) -> a
    151:152:void a(boolean) -> a
    153:154:void a(int,int) -> a
    155:155:void a(io.dcloud.feature.gallery.imageedit.c.a$b) -> a
    1:6:void b(float) -> b
    7:7:android.graphics.RectF b() -> b
    8:52:io.dcloud.feature.gallery.imageedit.c.i.a b(float,float) -> b
    53:62:void b(io.dcloud.feature.gallery.imageedit.c.j.a) -> b
    63:64:void b(io.dcloud.feature.gallery.imageedit.c.a$c) -> b
    65:75:void b(android.graphics.Canvas) -> b
    76:76:void b(float,float,float) -> b
    77:77:void b(boolean) -> b
io.dcloud.feature.gallery.imageedit.c.a$a -> io.dcloud.feature.gallery.imageedit.c.a$a:
    1:1:void <clinit>() -> <clinit>
io.dcloud.feature.gallery.imageedit.c.b -> io.dcloud.feature.gallery.imageedit.c.b:
    1:5:void <clinit>() -> <clinit>
    1:1:void <init>(java.lang.String,int) -> <init>
    1:1:io.dcloud.feature.gallery.imageedit.c.b valueOf(java.lang.String) -> valueOf
    1:1:io.dcloud.feature.gallery.imageedit.c.b[] values() -> values