app/build/outputs/mapping/debug/usage.txt
dc.squareup.okhttp3.internal.http2.Settings:
    boolean getEnablePush(boolean)
    int getMaxHeaderListSize(int)
    static final int DEFAULT_INITIAL_WINDOW_SIZE
    static final int HEADER_TABLE_SIZE
    static final int ENABLE_PUSH
    static final int MAX_CONCURRENT_STREAMS
    static final int MAX_FRAME_SIZE
    static final int MAX_HEADER_LIST_SIZE
    static final int INITIAL_WINDOW_SIZE
    static final int COUNT
android.support.v4.media.MediaDescriptionCompatApi21:
    private void <init>()
dc.squareup.okio.Buffer:
    private void readFrom(java.io.InputStream,long,boolean)
    private boolean rangeEquals(dc.squareup.okio.Segment,int,dc.squareup.okio.ByteString,int,int)
    private dc.squareup.okio.ByteString digest(java.lang.String)
    private dc.squareup.okio.ByteString hmac(java.lang.String,dc.squareup.okio.ByteString)
    public dc.squareup.okio.Buffer getBuffer()
    public java.io.OutputStream outputStream()
    public boolean request(long)
    public dc.squareup.okio.BufferedSource peek()
    public final dc.squareup.okio.Buffer copyTo(java.io.OutputStream)
    public final dc.squareup.okio.Buffer copyTo(java.io.OutputStream,long,long)
    public final dc.squareup.okio.Buffer writeTo(java.io.OutputStream)
    public final dc.squareup.okio.Buffer writeTo(java.io.OutputStream,long)
    public final dc.squareup.okio.Buffer readFrom(java.io.InputStream)
    public final dc.squareup.okio.Buffer readFrom(java.io.InputStream,long)
    public long readLongLe()
    public long readDecimalLong()
    public int select(dc.squareup.okio.Options)
    int selectPrefix(dc.squareup.okio.Options,boolean)
    public long readAll(dc.squareup.okio.Sink)
    public java.lang.String readString(java.nio.charset.Charset)
    public java.lang.String readUtf8Line()
    public int readUtf8CodePoint()
    public int read(byte[])
    public dc.squareup.okio.Buffer writeString(java.lang.String,java.nio.charset.Charset)
dc.squareup.okhttp3.MultipartBody
dc.squareup.okhttp3.Dispatcher:
    public void <init>(java.util.concurrent.ExecutorService)
    public void setMaxRequests(int)
    public synchronized int getMaxRequests()
    public void setMaxRequestsPerHost(int)
    public synchronized int getMaxRequestsPerHost()
    public synchronized void setIdleCallback(java.lang.Runnable)
    public synchronized void cancelAll()
    public synchronized java.util.List queuedCalls()
    public synchronized java.util.List runningCalls()
    public synchronized int queuedCallsCount()
android.support.v4.media.RatingCompat:
    public static android.support.v4.media.RatingCompat newUnratedRating(int)
    public static android.support.v4.media.RatingCompat newHeartRating(boolean)
    public static android.support.v4.media.RatingCompat newThumbRating(boolean)
    public static android.support.v4.media.RatingCompat newStarRating(int,float)
    public static android.support.v4.media.RatingCompat newPercentageRating(float)
    public static android.support.v4.media.RatingCompat fromRating(java.lang.Object)
    public boolean isRated()
    public int getRatingStyle()
    public boolean hasHeart()
    public boolean isThumbUp()
    public float getStarRating()
    public float getPercentRating()
    public java.lang.Object getRating()
    private java.lang.Object mRatingObj
    private static final java.lang.String TAG
    public static final int RATING_NONE
    public static final int RATING_HEART
    public static final int RATING_THUMB_UP_DOWN
    public static final int RATING_3_STARS
    public static final int RATING_4_STARS
    public static final int RATING_5_STARS
    public static final int RATING_PERCENTAGE
    private static final float RATING_NOT_RATED